<?xml version="1.0" encoding="UTF-8"?>
<testsuite xmlns:xsi="http://www.w3.org/2001/XMLSchema-instance" xsi:noNamespaceSchemaLocation="https://maven.apache.org/surefire/maven-surefire-plugin/xsd/surefire-test-report.xsd" name="ed.inf.adbs.blazedb.BlazeDBTest" time="0.021" tests="1" errors="0" skipped="0" failures="0">
  <properties>
    <property name="java.specification.version" value="23"/>
    <property name="sun.jnu.encoding" value="UTF-8"/>
    <property name="java.class.path" value="/Users/andrgaga/Library/Mobile Documents/com~apple~CloudDocs/UoE/UoE-Code/ADBS_code/BlazeDB/target/test-classes:/Users/andrgaga/Library/Mobile Documents/com~apple~CloudDocs/UoE/UoE-Code/ADBS_code/BlazeDB/target/classes:/Users/andrgaga/.m2/repository/junit/junit/4.13.2/junit-4.13.2.jar:/Users/andrgaga/.m2/repository/org/hamcrest/hamcrest-core/1.3/hamcrest-core-1.3.jar:/Users/andrgaga/.m2/repository/com/github/jsqlparser/jsqlparser/4.7/jsqlparser-4.7.jar:"/>
    <property name="java.vm.vendor" value="Homebrew"/>
    <property name="sun.arch.data.model" value="64"/>
    <property name="java.vendor.url" value="https://github.com/Homebrew/homebrew-core/issues"/>
    <property name="os.name" value="Mac OS X"/>
    <property name="java.vm.specification.version" value="23"/>
    <property name="sun.java.launcher" value="SUN_STANDARD"/>
    <property name="user.country" value="GB"/>
    <property name="sun.boot.library.path" value="/opt/homebrew/Cellar/openjdk/23.0.2/libexec/openjdk.jdk/Contents/Home/lib"/>
    <property name="sun.java.command" value="/Users/andrgaga/Library/Mobile Documents/com~apple~CloudDocs/UoE/UoE-Code/ADBS_code/BlazeDB/target/surefire/surefirebooter13378073114216000380.jar /Users/andrgaga/Library/Mobile Documents/com~apple~CloudDocs/UoE/UoE-Code/ADBS_code/BlazeDB/target/surefire 2025-02-22T21-00-28_303-jvmRun1 surefire12766327856685779718tmp surefire_011176866160110312741tmp"/>
    <property name="http.nonProxyHosts" value="local|*.local|169.254/16|*.169.254/16"/>
    <property name="jdk.debug" value="release"/>
    <property name="surefire.test.class.path" value="/Users/andrgaga/Library/Mobile Documents/com~apple~CloudDocs/UoE/UoE-Code/ADBS_code/BlazeDB/target/test-classes:/Users/andrgaga/Library/Mobile Documents/com~apple~CloudDocs/UoE/UoE-Code/ADBS_code/BlazeDB/target/classes:/Users/andrgaga/.m2/repository/junit/junit/4.13.2/junit-4.13.2.jar:/Users/andrgaga/.m2/repository/org/hamcrest/hamcrest-core/1.3/hamcrest-core-1.3.jar:/Users/andrgaga/.m2/repository/com/github/jsqlparser/jsqlparser/4.7/jsqlparser-4.7.jar:"/>
    <property name="sun.cpu.endian" value="little"/>
    <property name="user.home" value="/Users/andrgaga"/>
    <property name="user.language" value="en"/>
    <property name="java.specification.vendor" value="Oracle Corporation"/>
    <property name="java.version.date" value="2025-01-21"/>
    <property name="java.home" value="/opt/homebrew/Cellar/openjdk/23.0.2/libexec/openjdk.jdk/Contents/Home"/>
    <property name="file.separator" value="/"/>
    <property name="basedir" value="/Users/andrgaga/Library/Mobile Documents/com~apple~CloudDocs/UoE/UoE-Code/ADBS_code/BlazeDB"/>
    <property name="java.vm.compressedOopsMode" value="Zero based"/>
    <property name="line.separator" value="&#10;"/>
    <property name="java.vm.specification.vendor" value="Oracle Corporation"/>
    <property name="java.specification.name" value="Java Platform API Specification"/>
    <property name="apple.awt.application.name" value="ForkedBooter"/>
    <property name="surefire.real.class.path" value="/Users/andrgaga/Library/Mobile Documents/com~apple~CloudDocs/UoE/UoE-Code/ADBS_code/BlazeDB/target/surefire/surefirebooter13378073114216000380.jar"/>
    <property name="sun.management.compiler" value="HotSpot 64-Bit Tiered Compilers"/>
    <property name="ftp.nonProxyHosts" value="local|*.local|169.254/16|*.169.254/16"/>
    <property name="java.runtime.version" value="23.0.2"/>
    <property name="user.name" value="andrgaga"/>
    <property name="stdout.encoding" value="UTF-8"/>
    <property name="path.separator" value=":"/>
    <property name="os.version" value="15.3"/>
    <property name="java.runtime.name" value="OpenJDK Runtime Environment"/>
    <property name="file.encoding" value="UTF-8"/>
    <property name="java.vm.name" value="OpenJDK 64-Bit Server VM"/>
    <property name="java.vendor.version" value="Homebrew"/>
    <property name="localRepository" value="/Users/andrgaga/.m2/repository"/>
    <property name="java.vendor.url.bug" value="https://github.com/Homebrew/homebrew-core/issues"/>
    <property name="java.io.tmpdir" value="/var/folders/3m/b2lnmdld3vn81t1nzvv2q3wr0000gn/T/"/>
    <property name="java.version" value="23.0.2"/>
    <property name="user.dir" value="/Users/andrgaga/Library/Mobile Documents/com~apple~CloudDocs/UoE/UoE-Code/ADBS_code/BlazeDB"/>
    <property name="os.arch" value="aarch64"/>
    <property name="java.vm.specification.name" value="Java Virtual Machine Specification"/>
    <property name="native.encoding" value="UTF-8"/>
    <property name="java.library.path" value="/Users/andrgaga/Library/Java/Extensions:/Library/Java/Extensions:/Network/Library/Java/Extensions:/System/Library/Java/Extensions:/usr/lib/java:."/>
    <property name="java.vm.info" value="mixed mode, sharing"/>
    <property name="stderr.encoding" value="UTF-8"/>
    <property name="java.vendor" value="Homebrew"/>
    <property name="java.vm.version" value="23.0.2"/>
    <property name="sun.io.unicode.encoding" value="UnicodeBig"/>
    <property name="socksNonProxyHosts" value="local|*.local|169.254/16|*.169.254/16"/>
    <property name="java.class.version" value="67.0"/>
  </properties>
  <testcase name="shouldAnswerWithTrue" classname="ed.inf.adbs.blazedb.BlazeDBTest" time="0.001"/>
</testsuite>